<?xml version="1.0" encoding="UTF-8"?>
<!-- Generated by org.testng.reporters.JUnitReportReporter -->
<testsuite skipped="0" hostname="DESKTOP-9B7QL40" name="testCases.TestCase1" tests="1" failures="0" timestamp="30 May 2017 15:52:53 GMT" time="10.415" errors="0">
  <testcase name="testTestCase1" time="10.415" classname="testCases.TestCase1"/>
</testsuite> <!-- testCases.TestCase1 -->
