<?xml version="1.0" encoding="UTF-8"?>
<!-- Generated by org.testng.reporters.JUnitReportReporter -->
<testsuite skipped="0" hostname="DESKTOP-9B7QL40" name="testCases.TestCase1" tests="2" failures="0" timestamp="05 Jun 2017 15:21:08 GMT" time="5.878" errors="0">
  <testcase name="testClickAllMenu" time="1.636" classname="testCases.TestCase1"/>
  <testcase name="testTestCase1" time="4.242" classname="testCases.TestCase1"/>
</testsuite> <!-- testCases.TestCase1 -->
